<?xml version="1.0" encoding="UTF-8"?>
<!-- Generated by org.testng.reporters.JUnitXMLReporter -->
<testsuite ignored="0" hostname="Sriuma-MBP.attlocal.net" failures="2" tests="16" name="testing NASA Search API" time="8.946" errors="0" timestamp="2021-03-01T19:08:24 PST">
  <testcase classname="restapitest.restapitestingframework.tests.NasaSearchAPIByTextTest" name="searchWithEmptyString" time="1.84"/>
  <testcase classname="restapitest.restapitestingframework.tests.NasaSearchAPIByTextTest" name="searchWithInvalidyString" time="0.39"/>
  <testcase classname="restapitest.restapitestingframework.tests.NasaSearchAPIByTextTest" name="searchWithNull" time="0.395"/>
  <testcase classname="restapitest.restapitestingframework.tests.NasaSearchAPIByTextTest" name="searchWithValidTextInLowercase" time="1.53"/>
  <testcase classname="restapitest.restapitestingframework.tests.NasaSearchAPIByTextTest" name="searchWithValidTextInMixedcase" time="0.614"/>
  <testcase classname="restapitest.restapitestingframework.tests.NasaSearchAPIByTextTest" name="searchWithValidTextInUppercase" time="0.754"/>
  <testcase classname="restapitest.restapitestingframework.tests.NasaSearchByMediaTypeTest" name="searchWithEmptyString" time="0.211">
    <failure type="java.lang.AssertionError" message="expected [400] but found [200]">
      <![CDATA[java.lang.AssertionError: expected [400] but found [200]
at restapitest.restapitestingframework.tests.NasaSearchByMediaTypeTest.searchWithEmptyString(NasaSearchByMediaTypeTest.java:160)
at java.base/java.util.ArrayList.forEach(ArrayList.java:1510)
... Removed 33 stack frames]]>
    </failure>
  </testcase> <!-- searchWithEmptyString -->
  <testcase classname="restapitest.restapitestingframework.tests.NasaSearchByMediaTypeTest" name="searchWithInvalidyString" time="0.209"/>
  <testcase classname="restapitest.restapitestingframework.tests.NasaSearchByMediaTypeTest" name="searchWithNull" time="0.196">
    <failure type="java.lang.AssertionError" message="expected [400] but found [200]">
      <![CDATA[java.lang.AssertionError: expected [400] but found [200]
at restapitest.restapitestingframework.tests.NasaSearchByMediaTypeTest.searchWithNull(NasaSearchByMediaTypeTest.java:146)
at java.base/java.util.ArrayList.forEach(ArrayList.java:1510)
... Removed 33 stack frames]]>
    </failure>
  </testcase> <!-- searchWithNull -->
  <testcase classname="restapitest.restapitestingframework.tests.NasaSearchByMediaTypeTest" name="searchWithValidTextInLowercase" time="0.337"/>
  <testcase classname="restapitest.restapitestingframework.tests.NasaSearchByMediaTypeTest" name="searchWithValidTextInMixedcase" time="0.338"/>
  <testcase classname="restapitest.restapitestingframework.tests.NasaSearchByMediaTypeTest" name="searchWithValidTextInUppercase" time="0.493"/>
  <testcase classname="restapitest.restapitestingframework.tests.NasaSearchAPIByDateTest" name="searchWithInvalidEndYear" time="0.193"/>
  <testcase classname="restapitest.restapitestingframework.tests.NasaSearchAPIByDateTest" name="searchWithInvalidStartYear" time="0.424"/>
  <testcase classname="restapitest.restapitestingframework.tests.NasaSearchAPIByDateTest" name="searchWithOptionalParameters" time="0.239"/>
  <testcase classname="restapitest.restapitestingframework.tests.NasaSearchAPIByDateTest" name="searchWithStartYearInFuture" time="0.208"/>
</testsuite> <!-- testing NASA Search API -->
